2025-04-27 15:09:29,445 [INFO] 参数配置:
2025-04-27 15:09:29,445 [INFO]   model_type: full
2025-04-27 15:09:29,445 [INFO]   embedding_dim: 768
2025-04-27 15:09:29,445 [INFO]   hidden_dim: 768
2025-04-27 15:09:29,445 [INFO]   dropout: 0.1
2025-04-27 15:09:29,445 [INFO]   num_rnn_layers: 2
2025-04-27 15:09:29,445 [INFO]   use_attention: True
2025-04-27 15:09:29,445 [INFO]   num_attention_heads: 8
2025-04-27 15:09:29,445 [INFO]   bert_model: bert-base-chinese
2025-04-27 15:09:29,445 [INFO]   freeze_bert_layers: 8
2025-04-27 15:09:29,445 [INFO]   batch_size: 128
2025-04-27 15:09:29,445 [INFO]   max_epoch: 20
2025-04-27 15:09:29,445 [INFO]   lr: 3e-05
2025-04-27 15:09:29,445 [INFO]   weight_decay: 0.01
2025-04-27 15:09:29,445 [INFO]   early_stopping: 5
2025-04-27 15:09:29,445 [INFO]   gradient_accumulation_steps: 1
2025-04-27 15:09:29,445 [INFO]   warmup_ratio: 0.1
2025-04-27 15:09:29,445 [INFO]   grad_clip: 1.0
2025-04-27 15:09:29,445 [INFO]   scheduler: linear
2025-04-27 15:09:29,445 [INFO]   use_fp16: True
2025-04-27 15:09:29,445 [INFO]   use_fgm: True
2025-04-27 15:09:29,446 [INFO]   use_ema: True
2025-04-27 15:09:29,446 [INFO]   cuda: True
2025-04-27 15:09:29,446 [INFO]   num_workers: 4
2025-04-27 15:09:29,446 [INFO]   seed: 42
2025-04-27 15:09:29,446 [INFO]   save_dir: save
2025-04-27 15:09:29,446 [INFO]   log_dir: logs
2025-04-27 15:09:29,493 [INFO] 使用设备: cuda
2025-04-27 15:09:29,494 [INFO] 加载数据...
2025-04-27 15:16:45,849 [INFO] 参数配置:
2025-04-27 15:16:45,850 [INFO]   model_type: full
2025-04-27 15:16:45,850 [INFO]   embedding_dim: 768
2025-04-27 15:16:45,850 [INFO]   hidden_dim: 768
2025-04-27 15:16:45,850 [INFO]   dropout: 0.1
2025-04-27 15:16:45,850 [INFO]   num_rnn_layers: 2
2025-04-27 15:16:45,850 [INFO]   use_attention: True
2025-04-27 15:16:45,850 [INFO]   num_attention_heads: 8
2025-04-27 15:16:45,850 [INFO]   bert_model: bert-base-chinese
2025-04-27 15:16:45,850 [INFO]   freeze_bert_layers: 8
2025-04-27 15:16:45,850 [INFO]   batch_size: 128
2025-04-27 15:16:45,850 [INFO]   max_epoch: 20
2025-04-27 15:16:45,850 [INFO]   lr: 3e-05
2025-04-27 15:16:45,850 [INFO]   weight_decay: 0.01
2025-04-27 15:16:45,850 [INFO]   early_stopping: 5
2025-04-27 15:16:45,850 [INFO]   gradient_accumulation_steps: 1
2025-04-27 15:16:45,850 [INFO]   warmup_ratio: 0.1
2025-04-27 15:16:45,850 [INFO]   grad_clip: 1.0
2025-04-27 15:16:45,850 [INFO]   scheduler: linear
2025-04-27 15:16:45,850 [INFO]   use_fp16: True
2025-04-27 15:16:45,850 [INFO]   use_fgm: True
2025-04-27 15:16:45,850 [INFO]   use_ema: True
2025-04-27 15:16:45,850 [INFO]   cuda: True
2025-04-27 15:16:45,850 [INFO]   num_workers: 16
2025-04-27 15:16:45,850 [INFO]   seed: 42
2025-04-27 15:16:45,850 [INFO]   save_dir: save
2025-04-27 15:16:45,850 [INFO]   log_dir: logs
2025-04-27 15:16:45,878 [INFO] 使用设备: cuda
2025-04-27 15:16:45,879 [INFO] 加载数据...
2025-04-27 15:20:44,773 [INFO] 参数配置:
2025-04-27 15:20:44,774 [INFO]   model_type: full
2025-04-27 15:20:44,774 [INFO]   embedding_dim: 768
2025-04-27 15:20:44,774 [INFO]   hidden_dim: 768
2025-04-27 15:20:44,774 [INFO]   dropout: 0.1
2025-04-27 15:20:44,774 [INFO]   num_rnn_layers: 2
2025-04-27 15:20:44,774 [INFO]   use_attention: True
2025-04-27 15:20:44,774 [INFO]   num_attention_heads: 8
2025-04-27 15:20:44,774 [INFO]   bert_model: bert-base-chinese
2025-04-27 15:20:44,774 [INFO]   freeze_bert_layers: 8
2025-04-27 15:20:44,774 [INFO]   batch_size: 128
2025-04-27 15:20:44,774 [INFO]   max_epoch: 20
2025-04-27 15:20:44,774 [INFO]   lr: 3e-05
2025-04-27 15:20:44,774 [INFO]   weight_decay: 0.01
2025-04-27 15:20:44,774 [INFO]   early_stopping: 5
2025-04-27 15:20:44,774 [INFO]   gradient_accumulation_steps: 1
2025-04-27 15:20:44,774 [INFO]   warmup_ratio: 0.1
2025-04-27 15:20:44,774 [INFO]   grad_clip: 1.0
2025-04-27 15:20:44,774 [INFO]   scheduler: linear
2025-04-27 15:20:44,774 [INFO]   use_fp16: True
2025-04-27 15:20:44,774 [INFO]   use_fgm: True
2025-04-27 15:20:44,774 [INFO]   use_ema: True
2025-04-27 15:20:44,774 [INFO]   cuda: True
2025-04-27 15:20:44,774 [INFO]   num_workers: 16
2025-04-27 15:20:44,774 [INFO]   seed: 42
2025-04-27 15:20:44,774 [INFO]   save_dir: save
2025-04-27 15:20:44,774 [INFO]   log_dir: logs
2025-04-27 15:20:44,800 [INFO] 使用设备: cuda
2025-04-27 15:20:44,800 [INFO] 加载数据...
